\BOOKMARK [1][-]{section.1}{\376\377\000I\000n\000t\000r\000o\000d\000u\000c\000t\000i\000o\000n}{}% 1
\BOOKMARK [1][-]{section.2}{\376\377\000R\000e\000p\000o\000s\000i\000t\000o\000r\000y}{}% 2
\BOOKMARK [2][-]{subsection.2.1}{\376\377\000S\000t\000r\000u\000c\000t\000u\000r\000e}{section.2}% 3
\BOOKMARK [2][-]{subsection.2.2}{\376\377\000P\000r\000o\000j\000e\000c\000t\000\040\000c\000o\000n\000f\000i\000g\000u\000r\000a\000t\000i\000o\000n}{section.2}% 4
\BOOKMARK [1][-]{section.3}{\376\377\000I\000m\000p\000l\000e\000m\000e\000n\000t\000a\000t\000i\000o\000n}{}% 5
\BOOKMARK [2][-]{subsection.3.1}{\376\377\000D\000u\000a\000l\000\040\000c\000l\000a\000s\000s}{section.3}% 6
\BOOKMARK [2][-]{subsection.3.2}{\376\377\000B\000i\000n\000a\000r\000y\000\040\000o\000p\000e\000r\000a\000t\000i\000o\000n\000s}{section.3}% 7
\BOOKMARK [2][-]{subsection.3.3}{\376\377\000U\000n\000a\000r\000y\000\040\000o\000p\000e\000r\000a\000t\000i\000o\000n\000s}{section.3}% 8
\BOOKMARK [2][-]{subsection.3.4}{\376\377\000P\000a\000r\000t\000i\000a\000l\000\040\000d\000i\000f\000f\000e\000r\000e\000n\000t\000i\000a\000t\000i\000o\000n}{section.3}% 9
\BOOKMARK [2][-]{subsection.3.5}{\376\377\000C\000o\000l\000l\000e\000c\000t\000i\000o\000n\000s}{section.3}% 10
\BOOKMARK [1][-]{section.4}{\376\377\000L\000o\000c\000a\000l\000\040\000p\000a\000c\000k\000a\000g\000e}{}% 11
\BOOKMARK [1][-]{section.5}{\376\377\000D\000i\000f\000f\000e\000r\000e\000n\000t\000i\000a\000t\000i\000o\000n}{}% 12
\BOOKMARK [1][-]{section.6}{\376\377\000T\000e\000s\000t\000\040\000s\000u\000i\000t\000e}{}% 13
\BOOKMARK [1][-]{section.7}{\376\377\000P\000r\000o\000j\000e\000c\000t\000\040\000d\000o\000c\000u\000m\000e\000n\000t\000a\000t\000i\000o\000n\000\040\000w\000i\000t\000h\000\040\000S\000p\000h\000i\000n\000x}{}% 14
\BOOKMARK [1][-]{section.8}{\376\377\000C\000y\000t\000h\000o\000n\000i\000z\000a\000t\000i\000o\000n}{}% 15
\BOOKMARK [1][-]{section.9}{\376\377\000C\000o\000m\000p\000a\000r\000i\000s\000o\000n\000\040\000b\000e\000t\000w\000e\000e\000n\000\040\000C\000y\000t\000h\000o\000n\000i\000z\000e\000d\000\040\000a\000n\000d\000\040\000p\000u\000r\000e\000\040\000P\000y\000t\000h\000o\000n\000\040\000p\000r\000o\000g\000r\000a\000m\000s}{}% 16
\BOOKMARK [1][-]{section.10}{\376\377\000W\000h\000e\000e\000l\000s}{}% 17
\BOOKMARK [1][-]{section.11}{\376\377\000D\000o\000c\000k\000e\000r}{}% 18
\BOOKMARK [1][-]{section.12}{\376\377\000S\000u\000m\000m\000a\000r\000y}{}% 19
\BOOKMARK [1][-]{appendix.A}{\376\377\000J\000u\000p\000y\000n\000o\000t\000e\000x}{}% 20
\BOOKMARK [1][-]{appendix.B}{\376\377\000U\000s\000e\000\040\000o\000f\000\040\000a\000u\000t\000o\000-\000g\000e\000n\000e\000r\000a\000t\000i\000o\000n\000\040\000t\000o\000o\000l\000s}{}% 21
