Traceback (most recent call last):
  File "/home/ljf1/dis/disvenv/lib/python3.12/site-packages/jupyter_cache/executors/utils.py", line 58, in single_nb_execution
    executenb(
  File "/home/ljf1/dis/disvenv/lib/python3.12/site-packages/nbclient/client.py", line 1314, in execute
    return NotebookClient(nb=nb, resources=resources, km=km, **kwargs).execute()
           ^^^^^^^^^^^^^^^^^^^^^^^^^^^^^^^^^^^^^^^^^^^^^^^^^^^^^^^^^^^^^^^^^^^^^
  File "/home/ljf1/dis/disvenv/lib/python3.12/site-packages/jupyter_core/utils/__init__.py", line 165, in wrapped
    return loop.run_until_complete(inner)
           ^^^^^^^^^^^^^^^^^^^^^^^^^^^^^^
  File "/usr/lib/python3.12/asyncio/base_events.py", line 687, in run_until_complete
    return future.result()
           ^^^^^^^^^^^^^^^
  File "/home/ljf1/dis/disvenv/lib/python3.12/site-packages/nbclient/client.py", line 709, in async_execute
    await self.async_execute_cell(
  File "/home/ljf1/dis/disvenv/lib/python3.12/site-packages/nbclient/client.py", line 1062, in async_execute_cell
    await self._check_raise_for_error(cell, cell_index, exec_reply)
  File "/home/ljf1/dis/disvenv/lib/python3.12/site-packages/nbclient/client.py", line 918, in _check_raise_for_error
    raise CellExecutionError.from_cell_and_msg(cell, exec_reply_content)
nbclient.exceptions.CellExecutionError: An error occurred while executing the following cell:
------------------
N = np.arange(10, 10000, 10)

operations = ['add', 'sub', 'mul', 'div', 'pow', 'sin', 'cos', 'tan', 'log', 'exp']

memory = np.zeros((len(N), 2, len(operations)))
for i, n in enumerate(N):
    x = df.Dual(np.random.rand(), np.random.rand())
    memory[i, 0, 0] = user(lambda:[x+x for _ in range(n)])
    memory[i, 0, 1] = user(lambda:[x-x for _ in range(n)])
    memory[i, 0, 2] = user(lambda:[x*x for _ in range(n)])
    memory[i, 0, 3] = user(lambda:[x/x for _ in range(n)])
    memory[i, 0, 4] = user(lambda:[x**x for _ in range(n)])
    memory[i, 0, 5] = user(lambda:[x.sin() for _ in range(n)])
    memory[i, 0, 6] = user(lambda:[x.cos() for _ in range(n)])
    memory[i, 0, 7] = user(lambda:[x.tan() for _ in range(n)])
    memory[i, 0, 8] = user(lambda:[x.log() for _ in range(n)])
    memory[i, 0, 9] = user(lambda:[x.exp() for _ in range(n)])

    x = dfx.Dual(np.random.rand(), np.random.rand())
    memory[i, 1, 0] = user(lambda:[x+x for _ in range(n)])
    memory[i, 1, 1] = user(lambda:[x-x for _ in range(n)])
    memory[i, 1, 2] = user(lambda:[x*x for _ in range(n)])
    memory[i, 1, 3] = user(lambda:[x/x for _ in range(n)])
    memory[i, 1, 4] = user(lambda:[x**x for _ in range(n)])
    memory[i, 1, 5] = user(lambda:[x.sin() for _ in range(n)])
    memory[i, 1, 6] = user(lambda:[x.cos() for _ in range(n)])
    memory[i, 1, 7] = user(lambda:[x.tan() for _ in range(n)])
    memory[i, 1, 8] = user(lambda:[x.log() for _ in range(n)])
    memory[i, 1, 9] = user(lambda:[x.exp() for _ in range(n)])
------------------


[0;31m---------------------------------------------------------------------------[0m
[0;31mAttributeError[0m                            Traceback (most recent call last)
Cell [0;32mIn[13], line 7[0m
[1;32m      5[0m memory [38;5;241m=[39m np[38;5;241m.[39mzeros(([38;5;28mlen[39m(N), [38;5;241m2[39m, [38;5;28mlen[39m(operations)))
[1;32m      6[0m [38;5;28;01mfor[39;00m i, n [38;5;129;01min[39;00m [38;5;28menumerate[39m(N):
[0;32m----> 7[0m     x [38;5;241m=[39m [43mdf[49m[38;5;241;43m.[39;49m[43mDual[49m(np[38;5;241m.[39mrandom[38;5;241m.[39mrand(), np[38;5;241m.[39mrandom[38;5;241m.[39mrand())
[1;32m      8[0m     memory[i, [38;5;241m0[39m, [38;5;241m0[39m] [38;5;241m=[39m user([38;5;28;01mlambda[39;00m:[x[38;5;241m+[39mx [38;5;28;01mfor[39;00m _ [38;5;129;01min[39;00m [38;5;28mrange[39m(n)])
[1;32m      9[0m     memory[i, [38;5;241m0[39m, [38;5;241m1[39m] [38;5;241m=[39m user([38;5;28;01mlambda[39;00m:[x[38;5;241m-[39mx [38;5;28;01mfor[39;00m _ [38;5;129;01min[39;00m [38;5;28mrange[39m(n)])

[0;31mAttributeError[0m: 'function' object has no attribute 'Dual'

